2023-02-21 10:08:27.094[INFO ] c.e.ExEmpManagementBugfixApplication - Starting ExEmpManagementBugfixApplication using Java 17.0.2 with PID 29910 (/Users/matsumotoyuyya/spring-workspace-spring-tool-suite-4-4.17.1.RELEASE/ex-emp-management-bugfix/bin/main started by matsumotoyuyya in /Users/matsumotoyuyya/spring-workspace-spring-tool-suite-4-4.17.1.RELEASE/ex-emp-management-bugfix)
2023-02-21 10:08:27.094[INFO ] c.e.ExEmpManagementBugfixApplication - No active profile set, falling back to 1 default profile: "default"
2023-02-21 10:08:27.181[INFO ] o.s.b.w.e.t.TomcatWebServer - Tomcat initialized with port(s): 8080 (http)
2023-02-21 10:08:27.182[INFO ] o.a.c.core.StandardService - Starting service [Tomcat]
2023-02-21 10:08:27.182[INFO ] o.a.c.core.StandardEngine - Starting Servlet engine: [Apache Tomcat/10.1.5]
2023-02-21 10:08:27.186[INFO ] o.a.c.c.C.[.[.[/] - Initializing Spring embedded WebApplicationContext
2023-02-21 10:08:27.187[INFO ] o.s.b.w.s.c.ServletWebServerApplicationContext - Root WebApplicationContext: initialization completed in 92 ms
2023-02-21 10:08:27.261[INFO ] o.s.b.d.a.OptionalLiveReloadServer - LiveReload server is running on port 35729
2023-02-21 10:08:27.267[INFO ] o.s.b.w.e.t.TomcatWebServer - Tomcat started on port(s): 8080 (http) with context path ''
2023-02-21 10:08:27.269[INFO ] c.e.ExEmpManagementBugfixApplication - Started ExEmpManagementBugfixApplication in 0.246 seconds (process running for 516.574)
2023-02-21 10:08:27.270[INFO ] o.s.b.d.a.ConditionEvaluationDeltaLoggingListener - Condition evaluation unchanged
2023-02-21 10:08:43.863[INFO ] o.s.b.d.a.LocalDevToolsAutoConfiguration$RestartingClassPathChangeChangedEventListener - Restarting due to 1 class path change (0 additions, 0 deletions, 1 modification)
2023-02-21 10:08:43.869[INFO ] o.a.c.core.StandardService - Stopping service [Tomcat]
2023-02-21 10:16:29.312[INFO ] c.e.ExEmpManagementBugfixApplication - Starting ExEmpManagementBugfixApplication using Java 17.0.2 with PID 30146 (/Users/matsumotoyuyya/spring-workspace-spring-tool-suite-4-4.17.1.RELEASE/ex-emp-management-bugfix/bin/main started by matsumotoyuyya in /Users/matsumotoyuyya/spring-workspace-spring-tool-suite-4-4.17.1.RELEASE/ex-emp-management-bugfix)
2023-02-21 10:16:29.314[INFO ] c.e.ExEmpManagementBugfixApplication - No active profile set, falling back to 1 default profile: "default"
2023-02-21 10:16:29.335[INFO ] o.s.b.d.e.DevToolsPropertyDefaultsPostProcessor - Devtools property defaults active! Set 'spring.devtools.add-properties' to 'false' to disable
2023-02-21 10:16:29.335[INFO ] o.s.b.d.e.DevToolsPropertyDefaultsPostProcessor - For additional web related logging consider setting the 'logging.level.web' property to 'DEBUG'
2023-02-21 10:16:29.804[INFO ] o.s.b.w.e.t.TomcatWebServer - Tomcat initialized with port(s): 8080 (http)
2023-02-21 10:16:29.808[INFO ] o.a.c.core.StandardService - Starting service [Tomcat]
2023-02-21 10:16:29.809[INFO ] o.a.c.core.StandardEngine - Starting Servlet engine: [Apache Tomcat/10.1.5]
2023-02-21 10:16:29.838[INFO ] o.a.c.c.C.[.[.[/] - Initializing Spring embedded WebApplicationContext
2023-02-21 10:16:29.838[INFO ] o.s.b.w.s.c.ServletWebServerApplicationContext - Root WebApplicationContext: initialization completed in 503 ms
2023-02-21 10:16:30.082[INFO ] o.s.b.d.a.OptionalLiveReloadServer - LiveReload server is running on port 35729
2023-02-21 10:16:30.100[INFO ] o.s.b.w.e.t.TomcatWebServer - Tomcat started on port(s): 8080 (http) with context path ''
2023-02-21 10:16:30.106[INFO ] c.e.ExEmpManagementBugfixApplication - Started ExEmpManagementBugfixApplication in 1.042 seconds (process running for 1.383)
2023-02-21 10:17:48.501[INFO ] o.a.c.c.C.[.[.[/] - Initializing Spring DispatcherServlet 'dispatcherServlet'
2023-02-21 10:17:48.503[INFO ] o.s.w.s.DispatcherServlet - Initializing Servlet 'dispatcherServlet'
2023-02-21 10:17:48.505[INFO ] o.s.w.s.DispatcherServlet - Completed initialization in 2 ms
2023-02-21 10:17:50.157[INFO ] c.z.h.HikariDataSource - HikariPool-1 - Starting...
2023-02-21 10:17:50.274[INFO ] c.z.hikari.pool.HikariPool - HikariPool-1 - Added connection org.postgresql.jdbc.PgConnection@47eea319
2023-02-21 10:17:50.275[INFO ] c.z.h.HikariDataSource - HikariPool-1 - Start completed.
2023-02-21 10:49:08.289[INFO ] o.s.b.a.SpringApplicationAdminMXBeanRegistrar$SpringApplicationAdmin - Application shutdown requested.
2023-02-21 10:49:08.296[INFO ] o.a.c.core.StandardService - Stopping service [Tomcat]
2023-02-21 10:49:08.297[INFO ] o.a.c.c.C.[.[.[/] - Destroying Spring FrameworkServlet 'dispatcherServlet'
2023-02-21 10:49:08.306[INFO ] c.z.h.HikariDataSource - HikariPool-1 - Shutdown initiated...
2023-02-21 10:49:08.307[INFO ] c.z.h.HikariDataSource - HikariPool-1 - Shutdown completed.
2023-02-21 10:49:09.506[INFO ] c.e.ExEmpManagementBugfixApplication - Starting ExEmpManagementBugfixApplication using Java 17.0.2 with PID 30635 (/Users/matsumotoyuyya/spring-workspace-spring-tool-suite-4-4.17.1.RELEASE/ex-emp-management-bugfix/bin/main started by matsumotoyuyya in /Users/matsumotoyuyya/spring-workspace-spring-tool-suite-4-4.17.1.RELEASE/ex-emp-management-bugfix)
2023-02-21 10:49:09.508[INFO ] c.e.ExEmpManagementBugfixApplication - No active profile set, falling back to 1 default profile: "default"
2023-02-21 10:49:09.529[INFO ] o.s.b.d.e.DevToolsPropertyDefaultsPostProcessor - Devtools property defaults active! Set 'spring.devtools.add-properties' to 'false' to disable
2023-02-21 10:49:09.529[INFO ] o.s.b.d.e.DevToolsPropertyDefaultsPostProcessor - For additional web related logging consider setting the 'logging.level.web' property to 'DEBUG'
2023-02-21 10:49:10.018[INFO ] o.s.b.w.e.t.TomcatWebServer - Tomcat initialized with port(s): 8080 (http)
2023-02-21 10:49:10.024[INFO ] o.a.c.core.StandardService - Starting service [Tomcat]
2023-02-21 10:49:10.025[INFO ] o.a.c.core.StandardEngine - Starting Servlet engine: [Apache Tomcat/10.1.5]
2023-02-21 10:49:10.055[INFO ] o.a.c.c.C.[.[.[/] - Initializing Spring embedded WebApplicationContext
2023-02-21 10:49:10.055[INFO ] o.s.b.w.s.c.ServletWebServerApplicationContext - Root WebApplicationContext: initialization completed in 526 ms
2023-02-21 10:49:10.294[INFO ] o.s.b.d.a.OptionalLiveReloadServer - LiveReload server is running on port 35729
2023-02-21 10:49:10.312[INFO ] o.s.b.w.e.t.TomcatWebServer - Tomcat started on port(s): 8080 (http) with context path ''
2023-02-21 10:49:10.318[INFO ] c.e.ExEmpManagementBugfixApplication - Started ExEmpManagementBugfixApplication in 1.07 seconds (process running for 1.483)
2023-02-21 10:49:16.774[INFO ] o.a.c.c.C.[.[.[/] - Initializing Spring DispatcherServlet 'dispatcherServlet'
2023-02-21 10:49:16.774[INFO ] o.s.w.s.DispatcherServlet - Initializing Servlet 'dispatcherServlet'
2023-02-21 10:49:16.776[INFO ] o.s.w.s.DispatcherServlet - Completed initialization in 2 ms
2023-02-21 10:49:17.989[INFO ] c.z.h.HikariDataSource - HikariPool-1 - Starting...
2023-02-21 10:49:18.066[INFO ] c.z.hikari.pool.HikariPool - HikariPool-1 - Added connection org.postgresql.jdbc.PgConnection@32e9e87f
2023-02-21 10:49:18.067[INFO ] c.z.h.HikariDataSource - HikariPool-1 - Start completed.
2023-02-21 10:55:44.165[INFO ] o.s.b.a.SpringApplicationAdminMXBeanRegistrar$SpringApplicationAdmin - Application shutdown requested.
2023-02-21 10:55:44.173[INFO ] o.a.c.core.StandardService - Stopping service [Tomcat]
2023-02-21 10:55:44.174[INFO ] o.a.c.c.C.[.[.[/] - Destroying Spring FrameworkServlet 'dispatcherServlet'
2023-02-21 10:55:44.188[INFO ] c.z.h.HikariDataSource - HikariPool-1 - Shutdown initiated...
2023-02-21 10:55:44.190[INFO ] c.z.h.HikariDataSource - HikariPool-1 - Shutdown completed.
2023-02-21 10:55:45.408[INFO ] c.e.ExEmpManagementBugfixApplication - Starting ExEmpManagementBugfixApplication using Java 17.0.2 with PID 30741 (/Users/matsumotoyuyya/spring-workspace-spring-tool-suite-4-4.17.1.RELEASE/ex-emp-management-bugfix/bin/main started by matsumotoyuyya in /Users/matsumotoyuyya/spring-workspace-spring-tool-suite-4-4.17.1.RELEASE/ex-emp-management-bugfix)
2023-02-21 10:55:45.412[INFO ] c.e.ExEmpManagementBugfixApplication - No active profile set, falling back to 1 default profile: "default"
2023-02-21 10:55:45.432[INFO ] o.s.b.d.e.DevToolsPropertyDefaultsPostProcessor - Devtools property defaults active! Set 'spring.devtools.add-properties' to 'false' to disable
2023-02-21 10:55:45.432[INFO ] o.s.b.d.e.DevToolsPropertyDefaultsPostProcessor - For additional web related logging consider setting the 'logging.level.web' property to 'DEBUG'
2023-02-21 10:55:45.894[INFO ] o.s.b.w.e.t.TomcatWebServer - Tomcat initialized with port(s): 8080 (http)
2023-02-21 10:55:45.899[INFO ] o.a.c.core.StandardService - Starting service [Tomcat]
2023-02-21 10:55:45.899[INFO ] o.a.c.core.StandardEngine - Starting Servlet engine: [Apache Tomcat/10.1.5]
2023-02-21 10:55:45.925[INFO ] o.a.c.c.C.[.[.[/] - Initializing Spring embedded WebApplicationContext
2023-02-21 10:55:45.926[INFO ] o.s.b.w.s.c.ServletWebServerApplicationContext - Root WebApplicationContext: initialization completed in 494 ms
2023-02-21 10:55:46.162[INFO ] o.s.b.d.a.OptionalLiveReloadServer - LiveReload server is running on port 35729
2023-02-21 10:55:46.180[INFO ] o.s.b.w.e.t.TomcatWebServer - Tomcat started on port(s): 8080 (http) with context path ''
2023-02-21 10:55:46.186[INFO ] c.e.ExEmpManagementBugfixApplication - Started ExEmpManagementBugfixApplication in 1.017 seconds (process running for 1.442)
2023-02-21 10:55:52.145[INFO ] o.a.c.c.C.[.[.[/] - Initializing Spring DispatcherServlet 'dispatcherServlet'
2023-02-21 10:55:52.146[INFO ] o.s.w.s.DispatcherServlet - Initializing Servlet 'dispatcherServlet'
2023-02-21 10:55:52.147[INFO ] o.s.w.s.DispatcherServlet - Completed initialization in 1 ms
2023-02-21 10:55:53.371[INFO ] c.z.h.HikariDataSource - HikariPool-1 - Starting...
2023-02-21 10:55:53.450[INFO ] c.z.hikari.pool.HikariPool - HikariPool-1 - Added connection org.postgresql.jdbc.PgConnection@47eea319
2023-02-21 10:55:53.451[INFO ] c.z.h.HikariDataSource - HikariPool-1 - Start completed.
2023-02-21 11:24:44.713[INFO ] c.e.ExEmpManagementBugfixApplication - Starting ExEmpManagementBugfixApplication using Java 17.0.2 with PID 31174 (/Users/matsumotoyuyya/spring-workspace-spring-tool-suite-4-4.17.1.RELEASE/ex-emp-management-bugfix/bin/main started by matsumotoyuyya in /Users/matsumotoyuyya/spring-workspace-spring-tool-suite-4-4.17.1.RELEASE/ex-emp-management-bugfix)
2023-02-21 11:24:44.714[INFO ] c.e.ExEmpManagementBugfixApplication - No active profile set, falling back to 1 default profile: "default"
2023-02-21 11:24:44.823[INFO ] o.s.b.w.e.t.TomcatWebServer - Tomcat initialized with port(s): 8080 (http)
2023-02-21 11:24:44.824[INFO ] o.a.c.core.StandardService - Starting service [Tomcat]
2023-02-21 11:24:44.824[INFO ] o.a.c.core.StandardEngine - Starting Servlet engine: [Apache Tomcat/10.1.5]
2023-02-21 11:24:44.830[INFO ] o.a.c.c.C.[.[.[/] - Initializing Spring embedded WebApplicationContext
2023-02-21 11:24:44.830[INFO ] o.s.b.w.s.c.ServletWebServerApplicationContext - Root WebApplicationContext: initialization completed in 115 ms
2023-02-21 11:24:44.919[INFO ] o.s.b.d.a.OptionalLiveReloadServer - LiveReload server is running on port 35729
2023-02-21 11:24:44.926[INFO ] o.s.b.w.e.t.TomcatWebServer - Tomcat started on port(s): 8080 (http) with context path ''
2023-02-21 11:24:44.928[INFO ] c.e.ExEmpManagementBugfixApplication - Started ExEmpManagementBugfixApplication in 0.303 seconds (process running for 323.159)
2023-02-21 11:24:44.930[INFO ] o.s.b.d.a.ConditionEvaluationDeltaLoggingListener - Condition evaluation unchanged
2023-02-21 11:24:59.182[INFO ] c.e.ExEmpManagementBugfixApplication - Starting ExEmpManagementBugfixApplication using Java 17.0.2 with PID 31268 (/Users/matsumotoyuyya/spring-workspace-spring-tool-suite-4-4.17.1.RELEASE/ex-emp-management-bugfix/bin/main started by matsumotoyuyya in /Users/matsumotoyuyya/spring-workspace-spring-tool-suite-4-4.17.1.RELEASE/ex-emp-management-bugfix)
2023-02-21 11:24:59.183[INFO ] c.e.ExEmpManagementBugfixApplication - No active profile set, falling back to 1 default profile: "default"
2023-02-21 11:24:59.204[INFO ] o.s.b.d.e.DevToolsPropertyDefaultsPostProcessor - Devtools property defaults active! Set 'spring.devtools.add-properties' to 'false' to disable
2023-02-21 11:24:59.205[INFO ] o.s.b.d.e.DevToolsPropertyDefaultsPostProcessor - For additional web related logging consider setting the 'logging.level.web' property to 'DEBUG'
2023-02-21 11:24:59.664[INFO ] o.s.b.w.e.t.TomcatWebServer - Tomcat initialized with port(s): 8080 (http)
2023-02-21 11:24:59.669[INFO ] o.a.c.core.StandardService - Starting service [Tomcat]
2023-02-21 11:24:59.670[INFO ] o.a.c.core.StandardEngine - Starting Servlet engine: [Apache Tomcat/10.1.5]
2023-02-21 11:24:59.699[INFO ] o.a.c.c.C.[.[.[/] - Initializing Spring embedded WebApplicationContext
2023-02-21 11:24:59.700[INFO ] o.s.b.w.s.c.ServletWebServerApplicationContext - Root WebApplicationContext: initialization completed in 495 ms
2023-02-21 11:24:59.947[INFO ] o.a.c.core.StandardService - Stopping service [Tomcat]
2023-02-21 11:24:59.955[INFO ] o.s.b.a.l.ConditionEvaluationReportLogger - 

Error starting ApplicationContext. To display the condition evaluation report re-run your application with 'debug' enabled.
2023-02-21 11:25:01.828[INFO ] o.s.b.a.SpringApplicationAdminMXBeanRegistrar$SpringApplicationAdmin - Application shutdown requested.
2023-02-21 11:25:01.830[INFO ] o.a.c.core.StandardService - Stopping service [Tomcat]
2023-02-21 11:25:03.465[INFO ] c.e.ExEmpManagementBugfixApplication - Starting ExEmpManagementBugfixApplication using Java 17.0.2 with PID 31270 (/Users/matsumotoyuyya/spring-workspace-spring-tool-suite-4-4.17.1.RELEASE/ex-emp-management-bugfix/bin/main started by matsumotoyuyya in /Users/matsumotoyuyya/spring-workspace-spring-tool-suite-4-4.17.1.RELEASE/ex-emp-management-bugfix)
2023-02-21 11:25:03.467[INFO ] c.e.ExEmpManagementBugfixApplication - No active profile set, falling back to 1 default profile: "default"
2023-02-21 11:25:03.488[INFO ] o.s.b.d.e.DevToolsPropertyDefaultsPostProcessor - Devtools property defaults active! Set 'spring.devtools.add-properties' to 'false' to disable
2023-02-21 11:25:03.488[INFO ] o.s.b.d.e.DevToolsPropertyDefaultsPostProcessor - For additional web related logging consider setting the 'logging.level.web' property to 'DEBUG'
2023-02-21 11:25:03.966[INFO ] o.s.b.w.e.t.TomcatWebServer - Tomcat initialized with port(s): 8080 (http)
2023-02-21 11:25:03.971[INFO ] o.a.c.core.StandardService - Starting service [Tomcat]
2023-02-21 11:25:03.972[INFO ] o.a.c.core.StandardEngine - Starting Servlet engine: [Apache Tomcat/10.1.5]
2023-02-21 11:25:04.001[INFO ] o.a.c.c.C.[.[.[/] - Initializing Spring embedded WebApplicationContext
2023-02-21 11:25:04.002[INFO ] o.s.b.w.s.c.ServletWebServerApplicationContext - Root WebApplicationContext: initialization completed in 513 ms
2023-02-21 11:25:04.250[INFO ] o.s.b.d.a.OptionalLiveReloadServer - LiveReload server is running on port 35729
2023-02-21 11:25:04.268[INFO ] o.s.b.w.e.t.TomcatWebServer - Tomcat started on port(s): 8080 (http) with context path ''
2023-02-21 11:25:04.274[INFO ] c.e.ExEmpManagementBugfixApplication - Started ExEmpManagementBugfixApplication in 1.058 seconds (process running for 1.332)
2023-02-21 11:25:08.802[INFO ] o.a.c.c.C.[.[.[/] - Initializing Spring DispatcherServlet 'dispatcherServlet'
2023-02-21 11:25:08.803[INFO ] o.s.w.s.DispatcherServlet - Initializing Servlet 'dispatcherServlet'
2023-02-21 11:25:08.805[INFO ] o.s.w.s.DispatcherServlet - Completed initialization in 1 ms
2023-02-21 11:25:10.098[INFO ] c.z.h.HikariDataSource - HikariPool-1 - Starting...
2023-02-21 11:25:10.180[INFO ] c.z.hikari.pool.HikariPool - HikariPool-1 - Added connection org.postgresql.jdbc.PgConnection@47eea319
2023-02-21 11:25:10.181[INFO ] c.z.h.HikariDataSource - HikariPool-1 - Start completed.
2023-02-21 11:36:25.779[INFO ] o.s.b.a.SpringApplicationAdminMXBeanRegistrar$SpringApplicationAdmin - Application shutdown requested.
2023-02-21 11:36:25.785[INFO ] o.a.c.core.StandardService - Stopping service [Tomcat]
2023-02-21 11:36:25.787[INFO ] o.a.c.c.C.[.[.[/] - Destroying Spring FrameworkServlet 'dispatcherServlet'
2023-02-21 11:36:25.795[INFO ] c.z.h.HikariDataSource - HikariPool-1 - Shutdown initiated...
2023-02-21 11:36:25.796[INFO ] c.z.h.HikariDataSource - HikariPool-1 - Shutdown completed.
2023-02-21 11:36:27.032[INFO ] c.e.ExEmpManagementBugfixApplication - Starting ExEmpManagementBugfixApplication using Java 17.0.2 with PID 31437 (/Users/matsumotoyuyya/spring-workspace-spring-tool-suite-4-4.17.1.RELEASE/ex-emp-management-bugfix/bin/main started by matsumotoyuyya in /Users/matsumotoyuyya/spring-workspace-spring-tool-suite-4-4.17.1.RELEASE/ex-emp-management-bugfix)
2023-02-21 11:36:27.034[INFO ] c.e.ExEmpManagementBugfixApplication - No active profile set, falling back to 1 default profile: "default"
2023-02-21 11:36:27.054[INFO ] o.s.b.d.e.DevToolsPropertyDefaultsPostProcessor - Devtools property defaults active! Set 'spring.devtools.add-properties' to 'false' to disable
2023-02-21 11:36:27.054[INFO ] o.s.b.d.e.DevToolsPropertyDefaultsPostProcessor - For additional web related logging consider setting the 'logging.level.web' property to 'DEBUG'
2023-02-21 11:36:27.531[INFO ] o.s.b.w.e.t.TomcatWebServer - Tomcat initialized with port(s): 8080 (http)
2023-02-21 11:36:27.536[INFO ] o.a.c.core.StandardService - Starting service [Tomcat]
2023-02-21 11:36:27.536[INFO ] o.a.c.core.StandardEngine - Starting Servlet engine: [Apache Tomcat/10.1.5]
2023-02-21 11:36:27.566[INFO ] o.a.c.c.C.[.[.[/] - Initializing Spring embedded WebApplicationContext
2023-02-21 11:36:27.566[INFO ] o.s.b.w.s.c.ServletWebServerApplicationContext - Root WebApplicationContext: initialization completed in 511 ms
2023-02-21 11:36:27.814[INFO ] o.s.b.d.a.OptionalLiveReloadServer - LiveReload server is running on port 35729
2023-02-21 11:36:27.833[INFO ] o.s.b.w.e.t.TomcatWebServer - Tomcat started on port(s): 8080 (http) with context path ''
2023-02-21 11:36:27.839[INFO ] c.e.ExEmpManagementBugfixApplication - Started ExEmpManagementBugfixApplication in 1.054 seconds (process running for 1.478)
2023-02-21 11:36:35.025[INFO ] o.a.c.c.C.[.[.[/] - Initializing Spring DispatcherServlet 'dispatcherServlet'
2023-02-21 11:36:35.026[INFO ] o.s.w.s.DispatcherServlet - Initializing Servlet 'dispatcherServlet'
2023-02-21 11:36:35.028[INFO ] o.s.w.s.DispatcherServlet - Completed initialization in 1 ms
2023-02-21 11:36:40.850[INFO ] c.z.h.HikariDataSource - HikariPool-1 - Starting...
2023-02-21 11:36:40.938[INFO ] c.z.hikari.pool.HikariPool - HikariPool-1 - Added connection org.postgresql.jdbc.PgConnection@1dc18f93
2023-02-21 11:36:40.939[INFO ] c.z.h.HikariDataSource - HikariPool-1 - Start completed.
